# JRE version: Java(TM) SE Runtime Environment (8.0_131-b11) (build 1.8.0_131-b11)
# Java VM: Java HotSpot(TM) 64-Bit Server VM (25.131-b11 mixed mode bsd-amd64 compressed oops)
Heap:
 PSYoungGen      total 538112K, used 437190K [0x000000076ab00000, 0x0000000794300000, 0x00000007c0000000)
  eden space 453120K, 77% used [0x000000076ab00000,0x00000007802f24b8,0x0000000786580000)
  from space 84992K, 99% used [0x0000000786580000,0x000000078b87f470,0x000000078b880000)
  to   space 99840K, 0% used [0x000000078e180000,0x000000078e180000,0x0000000794300000)
 ParOldGen       total 179200K, used 131034K [0x00000006c0000000, 0x00000006caf00000, 0x000000076ab00000)
  object space 179200K, 73% used [0x00000006c0000000,0x00000006c7ff6850,0x00000006caf00000)
 Metaspace       used 107252K, capacity 110580K, committed 110808K, reserved 1146880K
  class space    used 12139K, capacity 13002K, committed 13056K, reserved 1048576K
GC Heap History (10 events):
Event: 109.609 GC heap before
{Heap before GC invocations=51 (full 4):
 PSYoungGen      total 491008K, used 469939K [0x000000076ab00000, 0x000000078f080000, 0x00000007c0000000)
  eden space 403456K, 100% used [0x000000076ab00000,0x0000000783500000,0x0000000783500000)
  from space 87552K, 75% used [0x0000000789000000,0x000000078d0ecfc8,0x000000078e580000)
  to   space 93184K, 0% used [0x0000000783500000,0x0000000783500000,0x0000000789000000)
 ParOldGen       total 179200K, used 121697K [0x00000006c0000000, 0x00000006caf00000, 0x000000076ab00000)
  object space 179200K, 67% used [0x00000006c0000000,0x00000006c76d8548,0x00000006caf00000)
 Metaspace       used 100468K, capacity 103482K, committed 103640K, reserved 1140736K
  class space    used 11216K, capacity 12007K, committed 12032K, reserved 1048576K
Event: 109.638 GC heap after
Heap after GC invocations=51 (full 4):
 PSYoungGen      total 496640K, used 37945K [0x000000076ab00000, 0x0000000790100000, 0x00000007c0000000)
  eden space 403456K, 0% used [0x000000076ab00000,0x000000076ab00000,0x0000000783500000)
  from space 93184K, 40% used [0x0000000783500000,0x0000000785a0e508,0x0000000789000000)
  to   space 88064K, 0% used [0x000000078ab00000,0x000000078ab00000,0x0000000790100000)
 ParOldGen       total 179200K, used 121705K [0x00000006c0000000, 0x00000006caf00000, 0x000000076ab00000)
  object space 179200K, 67% used [0x00000006c0000000,0x00000006c76da548,0x00000006caf00000)
 Metaspace       used 100468K, capacity 103482K, committed 103640K, reserved 1140736K
  class space    used 11216K, capacity 12007K, committed 12032K, reserved 1048576K
}
Event: 194.841 GC heap before
{Heap before GC invocations=52 (full 4):
 PSYoungGen      total 496640K, used 441401K [0x000000076ab00000, 0x0000000790100000, 0x00000007c0000000)
  eden space 403456K, 100% used [0x000000076ab00000,0x0000000783500000,0x0000000783500000)
  from space 93184K, 40% used [0x0000000783500000,0x0000000785a0e508,0x0000000789000000)
  to   space 88064K, 0% used [0x000000078ab00000,0x000000078ab00000,0x0000000790100000)
 ParOldGen       total 179200K, used 121705K [0x00000006c0000000, 0x00000006caf00000, 0x000000076ab00000)
  object space 179200K, 67% used [0x00000006c0000000,0x00000006c76da548,0x00000006caf00000)
 Metaspace       used 102578K, capacity 105674K, committed 105816K, reserved 1142784K
  class space    used 11482K, capacity 12296K, committed 12416K, reserved 1048576K
Event: 194.871 GC heap after
Heap after GC invocations=52 (full 4):
 PSYoungGen      total 505856K, used 40938K [0x000000076ab00000, 0x000000078f400000, 0x00000007c0000000)
  eden space 431104K, 0% used [0x000000076ab00000,0x000000076ab00000,0x0000000785000000)
  from space 74752K, 54% used [0x000000078ab00000,0x000000078d2faa88,0x000000078f400000)
  to   space 83968K, 0% used [0x0000000785000000,0x0000000785000000,0x000000078a200000)
 ParOldGen       total 179200K, used 121713K [0x00000006c0000000, 0x00000006caf00000, 0x000000076ab00000)
  object space 179200K, 67% used [0x00000006c0000000,0x00000006c76dc548,0x00000006caf00000)
 Metaspace       used 102578K, capacity 105674K, committed 105816K, reserved 1142784K
  class space    used 11482K, capacity 12296K, committed 12416K, reserved 1048576K
}
Event: 200.016 GC heap before
{Heap before GC invocations=53 (full 4):
 PSYoungGen      total 505856K, used 472042K [0x000000076ab00000, 0x000000078f400000, 0x00000007c0000000)
  eden space 431104K, 100% used [0x000000076ab00000,0x0000000785000000,0x0000000785000000)
  from space 74752K, 54% used [0x000000078ab00000,0x000000078d2faa88,0x000000078f400000)
  to   space 83968K, 0% used [0x0000000785000000,0x0000000785000000,0x000000078a200000)
 ParOldGen       total 179200K, used 121713K [0x00000006c0000000, 0x00000006caf00000, 0x000000076ab00000)
  object space 179200K, 67% used [0x00000006c0000000,0x00000006c76dc548,0x00000006caf00000)
 Metaspace       used 103354K, capacity 106582K, committed 106840K, reserved 1144832K
  class space    used 11558K, capacity 12408K, committed 12416K, reserved 1048576K
Event: 200.053 GC heap after
Heap after GC invocations=53 (full 4):
 PSYoungGen      total 515072K, used 45438K [0x000000076ab00000, 0x0000000790800000, 0x00000007c0000000)
  eden space 431104K, 0% used [0x000000076ab00000,0x000000076ab00000,0x0000000785000000)
  from space 83968K, 54% used [0x0000000785000000,0x0000000787c5f978,0x000000078a200000)
  to   space 81408K, 0% used [0x000000078b880000,0x000000078b880000,0x0000000790800000)
 ParOldGen       total 179200K, used 121721K [0x00000006c0000000, 0x00000006caf00000, 0x000000076ab00000)
  object space 179200K, 67% used [0x00000006c0000000,0x00000006c76de548,0x00000006caf00000)
 Metaspace       used 103354K, capacity 106582K, committed 106840K, reserved 1144832K
  class space    used 11558K, capacity 12408K, committed 12416K, reserved 1048576K
}
Event: 207.035 GC heap before
{Heap before GC invocations=54 (full 4):
 PSYoungGen      total 515072K, used 476542K [0x000000076ab00000, 0x0000000790800000, 0x00000007c0000000)
  eden space 431104K, 100% used [0x000000076ab00000,0x0000000785000000,0x0000000785000000)
  from space 83968K, 54% used [0x0000000785000000,0x0000000787c5f978,0x000000078a200000)
  to   space 81408K, 0% used [0x000000078b880000,0x000000078b880000,0x0000000790800000)
 ParOldGen       total 179200K, used 121721K [0x00000006c0000000, 0x00000006caf00000, 0x000000076ab00000)
  object space 179200K, 67% used [0x00000006c0000000,0x00000006c76de548,0x00000006caf00000)
 Metaspace       used 107067K, capacity 110408K, committed 110552K, reserved 1146880K
  class space    used 12128K, capacity 12995K, committed 13056K, reserved 1048576K
Event: 207.079 GC heap after
Heap after GC invocations=54 (full 4):
 PSYoungGen      total 534528K, used 61672K [0x000000076ab00000, 0x0000000790c80000, 0x00000007c0000000)
  eden space 453120K, 0% used [0x000000076ab00000,0x000000076ab00000,0x0000000786580000)
  from space 81408K, 75% used [0x000000078b880000,0x000000078f4ba2d0,0x0000000790800000)
  to   space 84992K, 0% used [0x0000000786580000,0x0000000786580000,0x000000078b880000)
 ParOldGen       total 179200K, used 121729K [0x00000006c0000000, 0x00000006caf00000, 0x000000076ab00000)
  object space 179200K, 67% used [0x00000006c0000000,0x00000006c76e0548,0x00000006caf00000)
 Metaspace       used 107067K, capacity 110408K, committed 110552K, reserved 1146880K
  class space    used 12128K, capacity 12995K, committed 13056K, reserved 1048576K
}
Event: 210.359 GC heap before
{Heap before GC invocations=55 (full 4):
 PSYoungGen      total 534528K, used 514792K [0x000000076ab00000, 0x0000000790c80000, 0x00000007c0000000)
  eden space 453120K, 100% used [0x000000076ab00000,0x0000000786580000,0x0000000786580000)
  from space 81408K, 75% used [0x000000078b880000,0x000000078f4ba2d0,0x0000000790800000)
  to   space 84992K, 0% used [0x0000000786580000,0x0000000786580000,0x000000078b880000)
 ParOldGen       total 179200K, used 121729K [0x00000006c0000000, 0x00000006caf00000, 0x000000076ab00000)
  object space 179200K, 67% used [0x00000006c0000000,0x00000006c76e0548,0x00000006caf00000)
 Metaspace       used 107115K, capacity 110496K, committed 110808K, reserved 1146880K
  class space    used 12131K, capacity 12999K, committed 13056K, reserved 1048576K
Event: 210.422 GC heap after
Heap after GC invocations=55 (full 4):
 PSYoungGen      total 538112K, used 84989K [0x000000076ab00000, 0x0000000794300000, 0x00000007c0000000)
  eden space 453120K, 0% used [0x000000076ab00000,0x000000076ab00000,0x0000000786580000)
  from space 84992K, 99% used [0x0000000786580000,0x000000078b87f470,0x000000078b880000)
  to   space 99840K, 0% used [0x000000078e180000,0x000000078e180000,0x0000000794300000)
 ParOldGen       total 179200K, used 131034K [0x00000006c0000000, 0x00000006caf00000, 0x000000076ab00000)
  object space 179200K, 73% used [0x00000006c0000000,0x00000006c7ff6850,0x00000006caf00000)
 Metaspace       used 107115K, capacity 110496K, committed 110808K, reserved 1146880K
  class space    used 12131K, capacity 12999K, committed 13056K, reserved 1048576K
}

